{"level":"info","message":"GET /api/getCopyrights?copyright=test"}
{"level":"info","message":"GET /api/getCopyrights?copyright=test"}
{"level":"info","message":"GET /api/getCopyrights?copyright=title"}
{"level":"info","message":"GET /api/getCopyrights?copyright=test"}
{"level":"info","message":"GET /api/getCopyrights?copyright=test"}
{"level":"info","message":"GET /favicon.ico"}
{"level":"info","message":"GET /robots.txt"}
{"level":"info","message":"GET /api/getCopyrights?copyright=title"}
{"level":"info","message":"GET /robots.txt"}
{"level":"info","message":"GET /api/getCopyrights?copyright=title"}
{"level":"info","message":"GET /robots.txt"}
{"level":"info","message":"GET /api/getCopyrights?copyright=test"}
{"level":"info","message":"GET /api/getCopyrights?copyright=test"}
{"level":"info","message":"GET /api/getCopyrights?copyright=title"}
{"level":"info","message":"GET /api/getCopyrights?copyright=title"}
{"level":"info","message":"GET /api/getCopyrights?copyright=title"}
{"level":"info","message":"GET /api/getCopyrights?copyright=title"}
{"level":"info","message":"GET /api/getCopyrights?copyright=title"}
{"level":"info","message":"GET /api/getCopyrights?copyright=title"}
{"level":"info","message":"GET /api/getCopyrights?copyright=title"}
{"level":"info","message":"GET /api/getCopyrights?copyright=title"}
{"level":"info","message":"GET /api/getCopyrights?copyright=title"}
{"level":"info","message":"GET /api/getCopyrights?copyright=title"}
{"level":"info","message":"GET /api/getCopyrights?copyright=title"}
{"level":"info","message":"GET /robots.txt"}
{"level":"info","message":"GET /api/getCopyrights?copyright=title"}
{"level":"info","message":"GET /api/getCopyrights?copyright=title"}
{"level":"info","message":"GET /api/getCopyrights?copyright=title"}
{"level":"info","message":"GET /api/getCopyrights?copyright=title"}
{"level":"info","message":"GET /api/getCopyrights?copyright=title"}
{"level":"info","message":"GET /api/getCopyrights?copyright=title"}
{"level":"info","message":"GET /api/getCopyrights?copyright=title"}
{"level":"info","message":"GET /api/getCopyrights?copyright=title"}
{"level":"info","message":"GET /api/getCopyrights?copyright=test"}
{"level":"info","message":"GET /api/getCopyrights?copyright=title"}
{"level":"info","message":"GET /api/getCopyrights?copyright=title"}
{"level":"info","message":"GET /api/getCopyrights?copyright=title"}
{"level":"info","message":"GET /api/getCopyrights?copyright=title"}
{"level":"info","message":"GET /api/getCopyrights?copyright=title"}
{"level":"info","message":"GET /api/getCopyrights?copyright=title"}
{"level":"info","message":"GET /api/getCopyrights?copyright=title"}
{"level":"info","message":"GET /api/getCopyrights?copyright=title"}
{"level":"info","message":"GET /api/getCopyrights?copyright=title"}
{"level":"info","message":"GET /api/getCopyrights?copyright=title"}
{"level":"info","message":"GET /api/getCopyrights?copyright=title"}
{"level":"info","message":"GET /api/getCopyrights?copyright=title"}
{"level":"info","message":"GET /api/getCopyrights?copyright=title"}
{"level":"info","message":"GET /api/getCopyrights?copyright=tit"}
{"level":"info","message":"GET /api/getCopyrights?copyright=tit"}
{"level":"info","message":"GET /api/getCopyrights?copyright=title"}
{"level":"info","message":"GET /api/getCopyrights?copyright=title"}
{"level":"info","message":"GET /api/getCopyrights?copyright=title"}
{"level":"info","message":"GET /api/getCopyrights?copyright=TITLE"}
{"level":"info","message":"GET /api/getCopyrights?copyright=title"}
{"level":"info","message":"GET /api/getCopyrights?copyright=title"}
{"level":"info","message":"GET /api/getCopyrights?copyright=title"}
{"level":"info","message":"GET /api/getCopyrights?copyright=title"}
{"level":"info","message":"GET /"}
{"level":"info","message":"GET /robots.txt"}
{"level":"info","message":"GET /api/getCopyrights?copyright=tit"}
{"level":"info","message":"GET /api/getCopyrights?copyright=tit"}
